<?xml version="1.0" encoding="UTF-8"?>
<!-- Generated by org.testng.reporters.JUnitXMLReporter -->
<testsuite ignored="17" hostname="Motiurs-MBP.fios-router.home" failures="0" tests="1" name="Default test" time="22.018" errors="0" timestamp="2022-10-07T14:52:50 EDT">
  <testcase classname="testPages.HomePageTest" name="searchCSS" time="0.323"/>
  <testcase classname="testPages.HomePageTest" name="testtext01" time="0.0">
    <ignored/>
  </testcase> <!-- testtext01 -->
  <testcase classname="testPages.HomePageTest" name="get_attribute" time="0.0">
    <ignored/>
  </testcase> <!-- get_attribute -->
  <testcase classname="testPages.HomePageTest" name="sendKeysAndclear" time="0.0">
    <ignored/>
  </testcase> <!-- sendKeysAndclear -->
  <testcase classname="testPages.HomePageTest" name="addressTest" time="0.0">
    <ignored/>
  </testcase> <!-- addressTest -->
  <testcase classname="testPages.HomePageTest" name="logoTestclic" time="0.0">
    <ignored/>
  </testcase> <!-- logoTestclic -->
  <testcase classname="testPages.HomePageTest" name="searchTest" time="0.0">
    <ignored/>
  </testcase> <!-- searchTest -->
  <testcase classname="testPages.HomePageTest" name="allButtonTest" time="0.0">
    <ignored/>
  </testcase> <!-- allButtonTest -->
  <testcase classname="testPages.HomePageTest" name="logoTest" time="0.0">
    <ignored/>
  </testcase> <!-- logoTest -->
  <testcase classname="testPages.HomePageTest" name="cartTest" time="0.0">
    <ignored/>
  </testcase> <!-- cartTest -->
  <testcase classname="testPages.HomePageTest" name="use_of_getTitle_method" time="0.0">
    <ignored/>
  </testcase> <!-- use_of_getTitle_method -->
  <testcase classname="testPages.HomePageTest" name="navigationmethod" time="0.0">
    <ignored/>
  </testcase> <!-- navigationmethod -->
  <testcase classname="testPages.HomePageTest" name="Selected_method" time="0.0">
    <ignored/>
  </testcase> <!-- Selected_method -->
  <testcase classname="testPages.HomePageTest" name="loginButtonTest01" time="0.0">
    <ignored/>
  </testcase> <!-- loginButtonTest01 -->
  <testcase classname="testPages.HomePageTest" name="logoTestclic03" time="0.0">
    <ignored/>
  </testcase> <!-- logoTestclic03 -->
  <testcase classname="testPages.HomePageTest" name="logoTestclic02" time="0.0">
    <ignored/>
  </testcase> <!-- logoTestclic02 -->
  <testcase classname="testPages.HomePageTest" name="getURL" time="0.0">
    <ignored/>
  </testcase> <!-- getURL -->
  <testcase classname="testPages.HomePageTest" name="setASpecificSizeOfWindow" time="0.0">
    <ignored/>
  </testcase> <!-- setASpecificSizeOfWindow -->
</testsuite> <!-- Default test -->
