<?xml version="1.0" encoding="UTF-8"?>
<testng-results ignored="17" total="18" passed="1" failed="0" skipped="0">
  <reporter-output>
  </reporter-output>
  <suite started-at="2022-10-07T14:52:28 EDT" name="Default suite" finished-at="2022-10-07T14:52:50 EDT" duration-ms="22018">
    <groups>
    </groups>
    <test started-at="2022-10-07T14:52:28 EDT" name="Default test" finished-at="2022-10-07T14:52:50 EDT" duration-ms="22018">
      <class name="testPages.HomePageTest">
        <test-method is-config="true" signature="setup()[pri:0, instance:testPages.HomePageTest@729d991e]" started-at="2022-10-07T14:52:28 EDT" name="setup" finished-at="2022-10-07T14:52:49 EDT" duration-ms="21107" status="PASS">
          <reporter-output>
          </reporter-output>
        </test-method> <!-- setup -->
        <test-method signature="searchCSS()[pri:0, instance:testPages.HomePageTest@729d991e]" started-at="2022-10-07T14:52:49 EDT" name="searchCSS" finished-at="2022-10-07T14:52:49 EDT" duration-ms="323" status="PASS">
          <reporter-output>
          </reporter-output>
        </test-method> <!-- searchCSS -->
        <test-method is-config="true" signature="tearUp()[pri:0, instance:testPages.HomePageTest@729d991e]" started-at="2022-10-07T14:52:49 EDT" name="tearUp" finished-at="2022-10-07T14:52:50 EDT" duration-ms="541" status="PASS">
          <reporter-output>
          </reporter-output>
        </test-method> <!-- tearUp -->
      </class> <!-- testPages.HomePageTest -->
    </test> <!-- Default test -->
  </suite> <!-- Default suite -->
</testng-results>
